[14/May/2017 08:47:02] "GET / HTTP/1.1" 200 13331
[14/May/2017 08:47:13] "GET / HTTP/1.1" 200 13331
[14/May/2017 12:17:07] "GET / HTTP/1.1" 200 52553
[14/May/2017 12:17:10] "GET /home/house_detail/6/ HTTP/1.1" 200 4490
[14/May/2017 12:17:10] "GET /static/media/static/photos/%E6%9D%8E%E6%95%8F%E8%BE%89_MG3KXt9.jpg HTTP/1.1" 404 1760
[14/May/2017 12:17:10] "GET /static/media/static/photos/%E6%9D%8E%E6%95%8F%E8%BE%89_laxytS7.jpg HTTP/1.1" 404 1760
[14/May/2017 12:17:10] "GET /static/media/static/photos/%E6%9D%8E%E6%95%8F%E8%BE%89.jpg HTTP/1.1" 200 71024
[14/May/2017 12:17:10] "GET /static/media/static/photos/%E6%9D%8E%E6%95%8F%E8%BE%89_UVKI4Mh.jpg HTTP/1.1" 200 71024
[14/May/2017 12:17:10] "GET /static/media/static/photos/%E6%9D%8E%E6%95%8F%E8%BE%89_v56sasp.jpg HTTP/1.1" 200 71024
[14/May/2017 12:17:10] "GET /static/media/static/photos/%E6%9D%8E%E6%95%8F%E8%BE%89_nLHyK9l.jpg HTTP/1.1" 200 71024
[14/May/2017 12:19:16] "GET / HTTP/1.1" 200 52553
Internal Server Error: /home/house_detail/2/
Traceback (most recent call last):
  File "/usr/lib/python2.7/site-packages/Django-1.10.7-py2.7.egg/django/core/handlers/exception.py", line 42, in inner
    response = get_response(request)
  File "/usr/lib/python2.7/site-packages/Django-1.10.7-py2.7.egg/django/core/handlers/base.py", line 187, in _get_response
    response = self.process_exception_by_middleware(e, request)
  File "/usr/lib/python2.7/site-packages/Django-1.10.7-py2.7.egg/django/core/handlers/base.py", line 185, in _get_response
    response = wrapped_callback(request, *callback_args, **callback_kwargs)
  File "/home/web/django_projects/bieshu/mysite/home/views.py", line 19, in house_detail
    return render(request,"home/house_detail.html",context)
  File "/usr/lib/python2.7/site-packages/Django-1.10.7-py2.7.egg/django/shortcuts.py", line 30, in render
    content = loader.render_to_string(template_name, context, request, using=using)
  File "/usr/lib/python2.7/site-packages/Django-1.10.7-py2.7.egg/django/template/loader.py", line 67, in render_to_string
    template = get_template(template_name, using=using)
  File "/usr/lib/python2.7/site-packages/Django-1.10.7-py2.7.egg/django/template/loader.py", line 21, in get_template
    return engine.get_template(template_name)
  File "/usr/lib/python2.7/site-packages/Django-1.10.7-py2.7.egg/django/template/backends/django.py", line 39, in get_template
    return Template(self.engine.get_template(template_name), self)
  File "/usr/lib/python2.7/site-packages/Django-1.10.7-py2.7.egg/django/template/engine.py", line 160, in get_template
    template, origin = self.find_template(template_name)
  File "/usr/lib/python2.7/site-packages/Django-1.10.7-py2.7.egg/django/template/engine.py", line 134, in find_template
    name, template_dirs=dirs, skip=skip,
  File "/usr/lib/python2.7/site-packages/Django-1.10.7-py2.7.egg/django/template/loaders/base.py", line 44, in get_template
    contents, origin, origin.template_name, self.engine,
  File "/usr/lib/python2.7/site-packages/Django-1.10.7-py2.7.egg/django/template/base.py", line 191, in __init__
    self.nodelist = self.compile_nodelist()
  File "/usr/lib/python2.7/site-packages/Django-1.10.7-py2.7.egg/django/template/base.py", line 233, in compile_nodelist
    return parser.parse()
  File "/usr/lib/python2.7/site-packages/Django-1.10.7-py2.7.egg/django/template/base.py", line 518, in parse
    raise self.error(token, e)
TemplateSyntaxError: Could not parse the remainder: '==0' from '==0'
[14/May/2017 12:49:03] "GET /home/house_detail/2/ HTTP/1.1" 500 119603
Internal Server Error: /home/house_detail/2/
Traceback (most recent call last):
  File "/usr/lib/python2.7/site-packages/Django-1.10.7-py2.7.egg/django/core/handlers/exception.py", line 42, in inner
    response = get_response(request)
  File "/usr/lib/python2.7/site-packages/Django-1.10.7-py2.7.egg/django/core/handlers/base.py", line 187, in _get_response
    response = self.process_exception_by_middleware(e, request)
  File "/usr/lib/python2.7/site-packages/Django-1.10.7-py2.7.egg/django/core/handlers/base.py", line 185, in _get_response
    response = wrapped_callback(request, *callback_args, **callback_kwargs)
  File "/home/web/django_projects/bieshu/mysite/home/views.py", line 19, in house_detail
    return render(request,"home/house_detail.html",context)
  File "/usr/lib/python2.7/site-packages/Django-1.10.7-py2.7.egg/django/shortcuts.py", line 30, in render
    content = loader.render_to_string(template_name, context, request, using=using)
  File "/usr/lib/python2.7/site-packages/Django-1.10.7-py2.7.egg/django/template/loader.py", line 67, in render_to_string
    template = get_template(template_name, using=using)
  File "/usr/lib/python2.7/site-packages/Django-1.10.7-py2.7.egg/django/template/loader.py", line 21, in get_template
    return engine.get_template(template_name)
  File "/usr/lib/python2.7/site-packages/Django-1.10.7-py2.7.egg/django/template/backends/django.py", line 39, in get_template
    return Template(self.engine.get_template(template_name), self)
  File "/usr/lib/python2.7/site-packages/Django-1.10.7-py2.7.egg/django/template/engine.py", line 160, in get_template
    template, origin = self.find_template(template_name)
  File "/usr/lib/python2.7/site-packages/Django-1.10.7-py2.7.egg/django/template/engine.py", line 134, in find_template
    name, template_dirs=dirs, skip=skip,
  File "/usr/lib/python2.7/site-packages/Django-1.10.7-py2.7.egg/django/template/loaders/base.py", line 44, in get_template
    contents, origin, origin.template_name, self.engine,
  File "/usr/lib/python2.7/site-packages/Django-1.10.7-py2.7.egg/django/template/base.py", line 191, in __init__
    self.nodelist = self.compile_nodelist()
  File "/usr/lib/python2.7/site-packages/Django-1.10.7-py2.7.egg/django/template/base.py", line 233, in compile_nodelist
    return parser.parse()
  File "/usr/lib/python2.7/site-packages/Django-1.10.7-py2.7.egg/django/template/base.py", line 518, in parse
    raise self.error(token, e)
TemplateSyntaxError: Invalid block tag on line 70: 'endblock', expected 'empty' or 'endfor'. Did you forget to register or load this tag?
[14/May/2017 12:49:28] "GET /home/house_detail/2/ HTTP/1.1" 500 117105
[14/May/2017 12:49:45] "GET /home/house_detail/2/ HTTP/1.1" 200 5879
[14/May/2017 12:49:45] "GET /static/media/static/photos/toutu.jpg HTTP/1.1" 404 1706
[14/May/2017 12:49:45] "GET /static/media/static/photos/eee.png HTTP/1.1" 404 1700
[14/May/2017 12:49:51] "GET / HTTP/1.1" 200 52553
[14/May/2017 12:49:52] "GET /home/house_detail/2/ HTTP/1.1" 200 5879
[14/May/2017 12:49:52] "GET /static/media/static/photos/toutu.jpg HTTP/1.1" 404 1706
[14/May/2017 12:49:52] "GET /static/media/static/photos/eee.png HTTP/1.1" 404 1700
[14/May/2017 12:49:56] "GET /home/house_detail/7/ HTTP/1.1" 200 5505
[14/May/2017 12:50:00] "GET /static/media/static/photos/%E6%8D%95%E8%8E%B7.PNG HTTP/1.1" 200 419257
[14/May/2017 12:50:03] "GET /static/media/static/photos/%E6%8D%95%E8%8E%B7_RmEhOZC.PNG HTTP/1.1" 200 419257
[14/May/2017 12:50:05] "GET /static/media/static/photos/%E6%8D%95%E8%8E%B7_vccNCPK.PNG HTTP/1.1" 200 419257
[14/May/2017 12:50:11] "GET /home/house_detail/10/ HTTP/1.1" 200 4275
[14/May/2017 12:50:29] "GET /home/house_detail/9/ HTTP/1.1" 200 4674
[14/May/2017 12:50:29] "GET /static/media/static/photos/6_zvpcze5.jpg HTTP/1.1" 304 0
[14/May/2017 12:50:34] "GET /home/house_detail/7/ HTTP/1.1" 200 5505
[14/May/2017 12:50:38] "GET /home/house_detail/10/ HTTP/1.1" 200 4275
[14/May/2017 12:50:41] "GET /home/house_detail/9/ HTTP/1.1" 200 4674
[14/May/2017 12:50:52] "GET /home/house_detail/7/ HTTP/1.1" 200 5505
[14/May/2017 12:50:52] "GET /static/bootstrap-3.3.7-dist/js/bootstrap.min.js HTTP/1.1" 200 37045
[14/May/2017 12:50:52] "GET /static/bootstrap-3.3.7-dist/css/mycss.css HTTP/1.1" 200 143
[14/May/2017 12:50:52] "GET /static/bootstrap-3.3.7-dist/css/bootstrap.min.css HTTP/1.1" 200 121200
[14/May/2017 12:50:52] "GET /static/bootstrap-3.3.7-dist/js/jquery.min.js HTTP/1.1" 200 84349
[14/May/2017 12:50:59] "GET /home/house_detail/10/ HTTP/1.1" 200 4275
[14/May/2017 12:50:59] "GET /static/bootstrap-3.3.7-dist/js/bootstrap.min.js HTTP/1.1" 200 37045
[14/May/2017 12:50:59] "GET /static/bootstrap-3.3.7-dist/css/mycss.css HTTP/1.1" 200 143
[14/May/2017 12:50:59] "GET /static/bootstrap-3.3.7-dist/js/jquery.min.js HTTP/1.1" 200 84349
[14/May/2017 12:50:59] "GET /static/bootstrap-3.3.7-dist/css/bootstrap.min.css HTTP/1.1" 200 121200
[14/May/2017 12:51:52] "GET / HTTP/1.1" 200 52553
[14/May/2017 12:51:53] "GET /home/house_detail/1/ HTTP/1.1" 200 4273
[14/May/2017 12:51:59] "GET /home/house_detail/2/ HTTP/1.1" 200 5819
[14/May/2017 12:51:59] "GET /static/media/static/photos/toutu.jpg HTTP/1.1" 404 1706
[14/May/2017 12:51:59] "GET /static/media/static/photos/eee.png HTTP/1.1" 404 1700
[14/May/2017 12:52:07] "GET /home/house_detail/3/ HTTP/1.1" 200 5470
[14/May/2017 12:52:07] "GET /static/media/static/photos/toutu_pLOa22S.jpg HTTP/1.1" 404 1730
[14/May/2017 12:52:07] "GET /static/media/static/photos/%E6%9D%8E%E6%95%8F%E8%BE%89_5IRPpml.jpg HTTP/1.1" 404 1760
[14/May/2017 12:52:07] "GET /static/media/static/photos/toutu_wFR8PzJ.jpg HTTP/1.1" 404 1730
[14/May/2017 12:52:10] "GET /home/house_detail/4/ HTTP/1.1" 200 5442
[14/May/2017 12:52:10] "GET /static/media/static/photos/1_gYIT664.gif HTTP/1.1" 404 1718
[14/May/2017 12:52:10] "GET /static/media/static/photos/toutu_ot1hm9o.jpg HTTP/1.1" 404 1730
[14/May/2017 12:52:10] "GET /static/media/static/photos/%E6%9D%8E%E6%95%8F%E8%BE%89_Br4le55.jpg HTTP/1.1" 404 1760
[14/May/2017 12:52:13] "GET /home/house_detail/5/ HTTP/1.1" 200 6627
[14/May/2017 12:52:13] "GET /static/media/static/photos/1_mwg8O9e.gif HTTP/1.1" 404 1718
[14/May/2017 12:52:13] "GET /static/media/static/photos/eee_TxFpTYz.png HTTP/1.1" 404 1724
[14/May/2017 12:52:13] "GET /static/media/static/photos/toutu.jpg HTTP/1.1" 404 1706
[14/May/2017 12:52:13] "GET /static/media/static/photos/toutu_bg0VAwA.jpg HTTP/1.1" 404 1730
[14/May/2017 12:52:13] "GET /static/media/static/photos/%E6%9D%8E%E6%95%8F%E8%BE%89_r9uYVTA.jpg HTTP/1.1" 404 1760
[14/May/2017 12:52:19] "GET /home/house_detail/6/ HTTP/1.1" 200 6688
[14/May/2017 12:52:19] "GET /static/media/static/photos/%E6%9D%8E%E6%95%8F%E8%BE%89_MG3KXt9.jpg HTTP/1.1" 404 1760
[14/May/2017 12:52:19] "GET /static/media/static/photos/%E6%9D%8E%E6%95%8F%E8%BE%89_laxytS7.jpg HTTP/1.1" 404 1760
[14/May/2017 12:52:19] "GET /static/media/static/photos/%E6%9D%8E%E6%95%8F%E8%BE%89_UVKI4Mh.jpg HTTP/1.1" 200 71024
[14/May/2017 12:52:19] "GET /static/media/static/photos/%E6%9D%8E%E6%95%8F%E8%BE%89_nLHyK9l.jpg HTTP/1.1" 200 71024
[14/May/2017 12:52:20] "GET /static/media/static/photos/%E6%9D%8E%E6%95%8F%E8%BE%89_v56sasp.jpg HTTP/1.1" 200 71024
[14/May/2017 12:52:22] "GET /home/house_detail/7/ HTTP/1.1" 200 5460
[14/May/2017 12:52:30] "GET /home/house_detail/7/ HTTP/1.1" 200 5460
[14/May/2017 12:52:33] "GET /home/house_detail/8/ HTTP/1.1" 200 5855
[14/May/2017 12:52:34] "GET /static/media/static/photos/timg.jpg HTTP/1.1" 200 130650
[14/May/2017 12:52:35] "GET /static/media/static/photos/timg_pFh2hGd.jpg HTTP/1.1" 200 130650
[14/May/2017 12:52:39] "GET /static/media/static/photos/%E6%8D%95%E8%8E%B7_YOx4gLn.PNG HTTP/1.1" 200 419257
[14/May/2017 12:52:40] "GET /static/media/static/photos/%E6%8D%95%E8%8E%B7_YimjJSw.PNG HTTP/1.1" 200 419257
[14/May/2017 12:52:47] "GET /home/house_detail/9/ HTTP/1.1" 200 4659
[14/May/2017 12:54:19] "GET / HTTP/1.1" 200 52553
[14/May/2017 12:54:21] "GET /home/house_detail/12/ HTTP/1.1" 200 4285
[14/May/2017 12:54:26] "GET /home/house_detail/11/ HTTP/1.1" 200 4265
[14/May/2017 12:54:30] "GET /home/house_detail/10/ HTTP/1.1" 200 4274
[14/May/2017 12:55:22] "GET /home/house_detail/10/ HTTP/1.1" 200 4274
[14/May/2017 12:56:10] "GET / HTTP/1.1" 200 52553
[14/May/2017 12:56:19] "GET /home/house_detail/11/ HTTP/1.1" 200 4265
[14/May/2017 12:57:13] "GET /home/house_detail/11/ HTTP/1.1" 200 4286
[14/May/2017 12:57:24] "GET / HTTP/1.1" 200 52553
[14/May/2017 12:57:25] "GET /home/house_detail/2/ HTTP/1.1" 200 5919
[14/May/2017 12:57:26] "GET /static/media/static/photos/toutu.jpg HTTP/1.1" 404 1706
[14/May/2017 12:57:26] "GET /static/media/static/photos/eee.png HTTP/1.1" 404 1700
[14/May/2017 12:57:29] "GET /home/house_detail/4/ HTTP/1.1" 200 5522
[14/May/2017 12:57:29] "GET /static/media/static/photos/1_gYIT664.gif HTTP/1.1" 404 1718
[14/May/2017 12:57:29] "GET /static/media/static/photos/toutu_ot1hm9o.jpg HTTP/1.1" 404 1730
[14/May/2017 12:57:29] "GET /static/media/static/photos/%E6%9D%8E%E6%95%8F%E8%BE%89_Br4le55.jpg HTTP/1.1" 404 1760
[14/May/2017 12:57:33] "GET /home/house_detail/3/ HTTP/1.1" 200 5550
[14/May/2017 12:57:33] "GET /static/media/static/photos/toutu_pLOa22S.jpg HTTP/1.1" 404 1730
[14/May/2017 12:57:33] "GET /static/media/static/photos/%E6%9D%8E%E6%95%8F%E8%BE%89_5IRPpml.jpg HTTP/1.1" 404 1760
[14/May/2017 12:57:33] "GET /static/media/static/photos/toutu_wFR8PzJ.jpg HTTP/1.1" 404 1730
[14/May/2017 12:57:37] "GET /home/house_detail/2/ HTTP/1.1" 200 5919
[14/May/2017 12:57:37] "GET /static/media/static/photos/toutu.jpg HTTP/1.1" 404 1706
[14/May/2017 12:57:37] "GET /static/media/static/photos/eee.png HTTP/1.1" 404 1700
[14/May/2017 12:57:54] "GET / HTTP/1.1" 200 52553
[14/May/2017 12:57:56] "GET /home/house_detail/12/ HTTP/1.1" 200 4306
[14/May/2017 12:58:10] "GET /home/house_detail/11/ HTTP/1.1" 200 4286
[14/May/2017 12:58:17] "GET /home/house_detail/9/ HTTP/1.1" 200 4699
[14/May/2017 13:00:16] "GET /home/house_detail/9/ HTTP/1.1" 200 4699
[14/May/2017 13:00:45] "GET /home/house_detail/9/ HTTP/1.1" 200 4702
[14/May/2017 13:01:58] "GET /home/house_detail/9/ HTTP/1.1" 200 4702
[14/May/2017 13:02:44] "GET / HTTP/1.1" 200 52553
[14/May/2017 13:02:46] "GET /home/house_detail/5/ HTTP/1.1" 200 6770
[14/May/2017 13:02:46] "GET /static/media/static/photos/1_mwg8O9e.gif HTTP/1.1" 404 1718
[14/May/2017 13:02:46] "GET /static/media/static/photos/eee_TxFpTYz.png HTTP/1.1" 404 1724
[14/May/2017 13:02:46] "GET /static/media/static/photos/toutu.jpg HTTP/1.1" 404 1706
[14/May/2017 13:02:46] "GET /static/media/static/photos/%E6%9D%8E%E6%95%8F%E8%BE%89_r9uYVTA.jpg HTTP/1.1" 404 1760
[14/May/2017 13:02:46] "GET /static/media/static/photos/toutu_bg0VAwA.jpg HTTP/1.1" 404 1730
[14/May/2017 13:02:46] "GET /static/media/static/photos/%E6%9D%8E%E6%95%8F%E8%BE%89.jpg HTTP/1.1" 200 71024
[14/May/2017 13:03:06] "GET / HTTP/1.1" 200 52553
[14/May/2017 13:03:11] "GET /home/house_detail/9/ HTTP/1.1" 200 4702
[14/May/2017 13:03:11] "GET /static/media/static/photos/6_zvpcze5.jpg HTTP/1.1" 200 166544
[14/May/2017 13:10:39] "GET /home/house_detail/9/ HTTP/1.1" 200 4715
[14/May/2017 13:10:39] "GET /static/bootstrap-3.3.7-dist/css/bootstrap.min.css HTTP/1.1" 304 0
[14/May/2017 13:10:39] "GET /static/bootstrap-3.3.7-dist/css/mycss.css HTTP/1.1" 304 0
[14/May/2017 13:10:39] "GET /static/bootstrap-3.3.7-dist/js/bootstrap.min.js HTTP/1.1" 304 0
[14/May/2017 13:10:39] "GET /static/media/static/photos/2.jpg HTTP/1.1" 304 0
[14/May/2017 13:10:39] "GET /static/media/static/photos/6_zvpcze5.jpg HTTP/1.1" 304 0
[14/May/2017 13:10:39] "GET /static/bootstrap-3.3.7-dist/js/jquery.min.js HTTP/1.1" 304 0
[14/May/2017 13:11:04] "GET /home/house_detail/9/ HTTP/1.1" 200 4706
[14/May/2017 13:11:04] "GET /static/bootstrap-3.3.7-dist/css/bootstrap.min.css HTTP/1.1" 304 0
[14/May/2017 13:11:04] "GET /static/bootstrap-3.3.7-dist/css/mycss.css HTTP/1.1" 304 0
[14/May/2017 13:11:04] "GET /static/media/static/photos/6_zvpcze5.jpg HTTP/1.1" 304 0
[14/May/2017 13:11:04] "GET /static/bootstrap-3.3.7-dist/js/jquery.min.js HTTP/1.1" 304 0
[14/May/2017 13:11:04] "GET /static/media/static/photos/2.jpg HTTP/1.1" 304 0
[14/May/2017 13:11:04] "GET /static/bootstrap-3.3.7-dist/js/bootstrap.min.js HTTP/1.1" 304 0
[14/May/2017 13:11:39] "GET /home/house_detail/9/ HTTP/1.1" 200 4706
[14/May/2017 13:21:53] "GET / HTTP/1.1" 200 52553
[14/May/2017 13:21:56] "GET /home/house_detail/2/ HTTP/1.1" 200 5953
[14/May/2017 13:21:56] "GET /static/media/static/photos/toutu.jpg HTTP/1.1" 404 1706
[14/May/2017 13:21:56] "GET /static/media/static/photos/eee.png HTTP/1.1" 404 1700
[14/May/2017 13:21:56] "GET /static/media/static/photos/6_Z9ESxsU.jpg HTTP/1.1" 200 166544
[14/May/2017 13:22:57] "GET /home/house_detail/2/ HTTP/1.1" 200 7031
[14/May/2017 13:22:57] "GET /static/media/static/photos/toutu.jpg HTTP/1.1" 404 1706
[14/May/2017 13:22:57] "GET /static/media/static/photos/eee.png HTTP/1.1" 404 1700
Not Found: /wp-content/uploads/2014/07/slide1.png
[14/May/2017 13:22:58] "GET /wp-content/uploads/2014/07/slide1.png HTTP/1.1" 404 2730
Not Found: /wp-content/uploads/2014/07/slide2.png
[14/May/2017 13:22:58] "GET /wp-content/uploads/2014/07/slide2.png HTTP/1.1" 404 2730
Not Found: /wp-content/uploads/2014/07/slide3.png
[14/May/2017 13:22:58] "GET /wp-content/uploads/2014/07/slide3.png HTTP/1.1" 404 2730
[14/May/2017 13:23:46] "GET /home/house_detail/9/ HTTP/1.1" 200 5805
Not Found: /wp-content/uploads/2014/07/slide1.png
[14/May/2017 13:23:46] "GET /wp-content/uploads/2014/07/slide1.png HTTP/1.1" 404 2730
Not Found: /wp-content/uploads/2014/07/slide2.png
[14/May/2017 13:23:46] "GET /wp-content/uploads/2014/07/slide2.png HTTP/1.1" 404 2730
Not Found: /wp-content/uploads/2014/07/slide3.png
[14/May/2017 13:23:46] "GET /wp-content/uploads/2014/07/slide3.png HTTP/1.1" 404 2730
[14/May/2017 13:27:41] "GET /home/house_detail/9/ HTTP/1.1" 200 5805
Not Found: /wp-content/uploads/2014/07/slide1.png
[14/May/2017 13:27:41] "GET /wp-content/uploads/2014/07/slide1.png HTTP/1.1" 404 2730
Not Found: /wp-content/uploads/2014/07/slide2.png
[14/May/2017 13:27:41] "GET /wp-content/uploads/2014/07/slide2.png HTTP/1.1" 404 2730
Not Found: /wp-content/uploads/2014/07/slide3.png
[14/May/2017 13:27:41] "GET /wp-content/uploads/2014/07/slide3.png HTTP/1.1" 404 2730
[14/May/2017 13:30:37] "GET /home/house_detail/9/ HTTP/1.1" 200 5798
Not Found: /wp-content/uploads/2014/07/slide1.png
[14/May/2017 13:30:37] "GET /wp-content/uploads/2014/07/slide1.png HTTP/1.1" 404 2730
Not Found: /wp-content/uploads/2014/07/slide2.png
[14/May/2017 13:30:37] "GET /wp-content/uploads/2014/07/slide2.png HTTP/1.1" 404 2730
Not Found: /wp-content/uploads/2014/07/slide3.png
[14/May/2017 13:30:37] "GET /wp-content/uploads/2014/07/slide3.png HTTP/1.1" 404 2730
[14/May/2017 13:31:58] "GET /home/house_detail/9/ HTTP/1.1" 200 4720
[14/May/2017 13:34:56] "GET /home/house_detail/9/ HTTP/1.1" 200 4747
[14/May/2017 13:35:11] "GET /home/house_detail/9/ HTTP/1.1" 200 4747
[14/May/2017 13:38:24] "GET /home/house_detail/9/ HTTP/1.1" 200 4741
[14/May/2017 13:39:06] "GET /home/house_detail/9/ HTTP/1.1" 200 4744
[14/May/2017 13:39:58] "GET /home/house_detail/9/ HTTP/1.1" 200 4742
[14/May/2017 13:40:28] "GET /home/house_detail/9/ HTTP/1.1" 200 4743
[14/May/2017 13:44:41] "GET /home/house_detail/9/ HTTP/1.1" 200 4890
[14/May/2017 13:44:41] "GET /home/house_detail/9/ HTTP/1.1" 200 4890
[14/May/2017 13:44:45] "GET /home/house_detail/9/ HTTP/1.1" 200 4890
[14/May/2017 13:44:49] "GET /home/house_detail/9/ HTTP/1.1" 200 4890
[14/May/2017 13:44:49] "GET /home/house_detail/9/ HTTP/1.1" 200 4890
[14/May/2017 13:44:52] "GET /home/house_detail/9/ HTTP/1.1" 200 4890
Not Found: /favicon.ico
[14/May/2017 13:45:45] "GET /favicon.ico HTTP/1.1" 404 2652
[14/May/2017 13:45:45] "GET / HTTP/1.1" 200 52546
[14/May/2017 13:45:49] "GET /home/house_detail/9/ HTTP/1.1" 200 4890
[14/May/2017 13:46:12] "GET /home/house_detail/9/ HTTP/1.1" 200 4890
[14/May/2017 13:49:26] "GET /home/house_detail/9/ HTTP/1.1" 200 4902
[14/May/2017 13:49:26] "GET /static/media/static/photos/6_zvpcze5.jpg.jpg HTTP/1.1" 404 1730
[14/May/2017 13:49:26] "GET /static/media/static/photos/2.jpg.jpg HTTP/1.1" 404 1706
[14/May/2017 13:50:03] "GET /home/house_detail/9/ HTTP/1.1" 200 4902
[14/May/2017 13:50:03] "GET /static/bootstrap-3.3.7-dist/css/mycss.css HTTP/1.1" 200 143
[14/May/2017 13:50:03] "GET /static/bootstrap-3.3.7-dist/js/bootstrap.min.js HTTP/1.1" 200 37045
[14/May/2017 13:50:03] "GET /static/bootstrap-3.3.7-dist/css/bootstrap.min.css HTTP/1.1" 200 121200
[14/May/2017 13:50:03] "GET /static/bootstrap-3.3.7-dist/js/jquery.min.js HTTP/1.1" 200 84349
[14/May/2017 13:50:04] "GET /static/media/static/photos/6_zvpcze5.jpg.jpg HTTP/1.1" 404 1730
[14/May/2017 13:50:04] "GET /static/media/static/photos/2.jpg.jpg HTTP/1.1" 404 1706
[14/May/2017 13:50:05] "GET /static/media/static/photos/2.jpg HTTP/1.1" 200 116088
[14/May/2017 13:50:05] "GET /static/media/static/photos/6_zvpcze5.jpg HTTP/1.1" 200 166544
[14/May/2017 13:50:20] "GET / HTTP/1.1" 200 52546
[14/May/2017 13:50:21] "GET /static/media/static/photos/timg2.jpg HTTP/1.1" 200 159414
[14/May/2017 13:50:22] "GET /static/media/static/photos/timg2_AC8nrBv.jpg HTTP/1.1" 200 159414
[14/May/2017 13:50:22] "GET /static/media/static/photos/1.jpg HTTP/1.1" 200 41561
[14/May/2017 13:50:23] "GET /static/media/static/photos/1_Grdpvbt.jpg HTTP/1.1" 200 41561
[14/May/2017 13:50:24] "GET /static/media/static/photos/3.jpg HTTP/1.1" 200 52617
[14/May/2017 13:50:25] "GET /static/media/static/photos/4_FfAtE22.jpg HTTP/1.1" 200 134773
[14/May/2017 13:50:26] "GET /static/media/static/photos/timg_AjLRtBi.jpg HTTP/1.1" 200 130650
[14/May/2017 13:50:26] "GET /home/house_detail/9/ HTTP/1.1" 200 4902
[14/May/2017 13:50:27] "GET /static/media/static/photos/6_zvpcze5.jpg.jpg HTTP/1.1" 404 1730
[14/May/2017 13:50:27] "GET /static/media/static/photos/2.jpg.jpg HTTP/1.1" 404 1706
[14/May/2017 13:50:27] "GET /static/media/static/photos/7.jpg HTTP/1.1" 200 65536
[2017-05-14 13:50:27,157] - Broken pipe from ('58.251.229.170', 56706)

[14/May/2017 13:50:27] "GET /static/media/static/photos/4_35icZcm.jpg HTTP/1.1" 200 65536
[2017-05-14 13:50:27,202] - Broken pipe from ('58.251.229.170', 56708)

[14/May/2017 13:50:27] "GET /static/media/static/photos/5_LUqkm1m.jpg HTTP/1.1" 200 49152
[2017-05-14 13:50:27,259] - Broken pipe from ('58.251.229.170', 56704)

[14/May/2017 13:50:28] "GET /static/media/static/photos/6_iWf9RUM.jpg HTTP/1.1" 200 139264
[2017-05-14 13:50:28,303] - Broken pipe from ('58.251.229.170', 56696)

[14/May/2017 13:51:47] "GET /home/house_detail/9/ HTTP/1.1" 200 4902
[14/May/2017 13:51:47] "GET /static/media/static/photos/6_zvpcze5.jpg.jpg HTTP/1.1" 404 1730
[14/May/2017 13:51:47] "GET /static/media/static/photos/2.jpg.jpg HTTP/1.1" 404 1706
[14/May/2017 13:52:19] "GET / HTTP/1.1" 200 52546
[14/May/2017 13:52:21] "GET /home/house_detail/9/ HTTP/1.1" 200 4902
[14/May/2017 13:52:21] "GET /static/media/static/photos/6_zvpcze5.jpg.jpg HTTP/1.1" 404 1730
[14/May/2017 13:52:21] "GET /static/media/static/photos/2.jpg.jpg HTTP/1.1" 404 1706
[14/May/2017 13:52:24] "GET /home/house_detail/9/ HTTP/1.1" 200 4902
[14/May/2017 13:52:24] "GET /static/bootstrap-3.3.7-dist/css/bootstrap.min.css HTTP/1.1" 304 0
[14/May/2017 13:52:24] "GET /static/bootstrap-3.3.7-dist/css/mycss.css HTTP/1.1" 304 0
[14/May/2017 13:52:24] "GET /static/bootstrap-3.3.7-dist/js/jquery.min.js HTTP/1.1" 304 0
[14/May/2017 13:52:24] "GET /static/bootstrap-3.3.7-dist/js/bootstrap.min.js HTTP/1.1" 304 0
[14/May/2017 13:52:24] "GET /static/media/static/photos/6_zvpcze5.jpg HTTP/1.1" 304 0
[14/May/2017 13:52:24] "GET /static/media/static/photos/2.jpg HTTP/1.1" 304 0
[14/May/2017 13:52:25] "GET /static/media/static/photos/6_zvpcze5.jpg.jpg HTTP/1.1" 404 1730
[14/May/2017 13:52:25] "GET /static/media/static/photos/2.jpg.jpg HTTP/1.1" 404 1706
[14/May/2017 13:57:55] "GET /home/house_detail/9/ HTTP/1.1" 200 4906
[14/May/2017 13:57:55] "GET /static/bootstrap-3.3.7-dist/css/bootstrap.min.css HTTP/1.1" 304 0
[14/May/2017 13:57:55] "GET /static/bootstrap-3.3.7-dist/css/mycss.css HTTP/1.1" 304 0
[14/May/2017 13:57:55] "GET /static/bootstrap-3.3.7-dist/js/jquery.min.js HTTP/1.1" 304 0
[14/May/2017 13:57:55] "GET /static/bootstrap-3.3.7-dist/js/bootstrap.min.js HTTP/1.1" 304 0
[14/May/2017 13:57:55] "GET /static/media/static/photos/6_zvpcze5.jpg HTTP/1.1" 304 0
[14/May/2017 13:57:55] "GET /static/media/static/photos/2.jpg HTTP/1.1" 304 0
[14/May/2017 13:57:55] "GET /static/media/static/photos/2.jpg.jpg HTTP/1.1" 404 1706
[14/May/2017 13:57:55] "GET /static/media/static/photos/6_zvpcze5.jpg.jpg HTTP/1.1" 404 1730
[14/May/2017 13:58:18] "GET /home/house_detail/9/ HTTP/1.1" 200 4906
[14/May/2017 13:58:18] "GET /static/media/static/photos/6_zvpcze5.jpg.jpg HTTP/1.1" 404 1730
[14/May/2017 13:58:18] "GET /static/media/static/photos/2.jpg.jpg HTTP/1.1" 404 1706
[14/May/2017 14:00:00] "GET /home/house_detail/9/ HTTP/1.1" 200 4910
[14/May/2017 14:00:00] "GET /static/bootstrap-3.3.7-dist/css/bootstrap.min.css HTTP/1.1" 304 0
[14/May/2017 14:00:00] "GET /static/bootstrap-3.3.7-dist/css/mycss.css HTTP/1.1" 304 0
[14/May/2017 14:00:00] "GET /static/bootstrap-3.3.7-dist/js/jquery.min.js HTTP/1.1" 304 0
[14/May/2017 14:00:00] "GET /static/bootstrap-3.3.7-dist/js/bootstrap.min.js HTTP/1.1" 304 0
[14/May/2017 14:00:00] "GET /static/media/static/photos/6_zvpcze5.jpg HTTP/1.1" 304 0
[14/May/2017 14:00:00] "GET /static/media/static/photos/2.jpg HTTP/1.1" 304 0
[14/May/2017 14:00:00] "GET /static/media/static/photos/2.jpg.jpg HTTP/1.1" 404 1706
[14/May/2017 14:00:00] "GET /static/media/static/photos/6_zvpcze5.jpg.jpg HTTP/1.1" 404 1730
[14/May/2017 14:00:04] "GET /home/house_detail/9/ HTTP/1.1" 200 4910
[14/May/2017 14:00:04] "GET /static/media/static/photos/6_zvpcze5.jpg.jpg HTTP/1.1" 404 1730
[14/May/2017 14:00:04] "GET /static/media/static/photos/2.jpg.jpg HTTP/1.1" 404 1706
[14/May/2017 14:00:07] "GET /home/house_detail/9/ HTTP/1.1" 200 4910
[14/May/2017 14:00:07] "GET /static/bootstrap-3.3.7-dist/css/bootstrap.min.css HTTP/1.1" 304 0
[14/May/2017 14:00:07] "GET /static/bootstrap-3.3.7-dist/css/mycss.css HTTP/1.1" 304 0
[14/May/2017 14:00:07] "GET /static/bootstrap-3.3.7-dist/js/jquery.min.js HTTP/1.1" 304 0
[14/May/2017 14:00:07] "GET /static/bootstrap-3.3.7-dist/js/bootstrap.min.js HTTP/1.1" 304 0
[14/May/2017 14:00:07] "GET /static/media/static/photos/6_zvpcze5.jpg HTTP/1.1" 304 0
[14/May/2017 14:00:07] "GET /static/media/static/photos/2.jpg HTTP/1.1" 304 0
[14/May/2017 14:00:07] "GET /static/media/static/photos/2.jpg.jpg HTTP/1.1" 404 1706
[14/May/2017 14:00:07] "GET /static/media/static/photos/6_zvpcze5.jpg.jpg HTTP/1.1" 404 1730
[14/May/2017 14:00:28] "GET /home/house_detail/9/ HTTP/1.1" 200 4910
[14/May/2017 14:00:28] "GET /static/media/static/photos/2.jpg.jpg HTTP/1.1" 404 1706
[14/May/2017 14:00:28] "GET /static/media/static/photos/6_zvpcze5.jpg.jpg HTTP/1.1" 404 1730
[14/May/2017 14:01:12] "GET /home/house_detail/9/ HTTP/1.1" 200 4930
[14/May/2017 14:01:12] "GET /static/media/static/photos/6_zvpcze5.jpg.jpg HTTP/1.1" 404 1730
[14/May/2017 14:01:12] "GET /static/media/static/photos/2.jpg.jpg HTTP/1.1" 404 1706
[14/May/2017 14:01:15] "GET /home/house_detail/9/ HTTP/1.1" 200 4930
[14/May/2017 14:01:15] "GET /static/media/static/photos/6_zvpcze5.jpg.jpg HTTP/1.1" 404 1730
[14/May/2017 14:01:15] "GET /static/media/static/photos/2.jpg.jpg HTTP/1.1" 404 1706
[14/May/2017 14:02:25] "GET /home/house_detail/9/ HTTP/1.1" 200 4980
[14/May/2017 14:02:25] "GET /static/media/static/photos/6_zvpcze5.jpg.jpg HTTP/1.1" 404 1730
[14/May/2017 14:02:25] "GET /static/media/static/photos/2.jpg.jpg HTTP/1.1" 404 1706
[14/May/2017 14:02:29] "GET /home/house_detail/9/ HTTP/1.1" 200 4980
[14/May/2017 14:02:29] "GET /static/media/static/photos/6_zvpcze5.jpg.jpg HTTP/1.1" 404 1730
[14/May/2017 14:02:29] "GET /static/media/static/photos/2.jpg.jpg HTTP/1.1" 404 1706
[14/May/2017 14:02:30] "GET /home/house_detail/9/ HTTP/1.1" 200 4980
[14/May/2017 14:02:30] "GET /static/media/static/photos/6_zvpcze5.jpg.jpg HTTP/1.1" 404 1730
[14/May/2017 14:02:30] "GET /static/media/static/photos/2.jpg.jpg HTTP/1.1" 404 1706
[14/May/2017 14:04:00] "GET /home/house_detail/9/ HTTP/1.1" 200 4772
Not Found: /favicon.ico
[14/May/2017 14:06:26] "GET /favicon.ico HTTP/1.1" 404 2652
[14/May/2017 14:06:27] "GET /home/house_detail/9/ HTTP/1.1" 200 4772
[14/May/2017 14:06:36] "GET /home/house_detail/9/ HTTP/1.1" 200 4772
[14/May/2017 14:06:36] "GET /static/bootstrap-3.3.7-dist/css/mycss.css HTTP/1.1" 200 143
[14/May/2017 14:06:36] "GET /static/bootstrap-3.3.7-dist/js/bootstrap.min.js HTTP/1.1" 200 37045
[14/May/2017 14:06:36] "GET /static/bootstrap-3.3.7-dist/js/jquery.min.js HTTP/1.1" 200 84349
[14/May/2017 14:06:36] "GET /static/bootstrap-3.3.7-dist/css/bootstrap.min.css HTTP/1.1" 200 121200
[14/May/2017 14:06:36] "GET /static/bootstrap-3.3.7-dist/css/mycss.css HTTP/1.1" 200 143
[14/May/2017 14:06:38] "GET /static/media/static/photos/2.jpg HTTP/1.1" 200 116088
[14/May/2017 14:06:39] "GET /static/media/static/photos/6_zvpcze5.jpg HTTP/1.1" 200 166544
[14/May/2017 14:06:39] "GET /static/bootstrap-3.3.7-dist/js/bootstrap.min.js HTTP/1.1" 200 37045
[14/May/2017 14:06:43] "GET /static/bootstrap-3.3.7-dist/css/bootstrap.min.css HTTP/1.1" 200 121200
[14/May/2017 14:06:45] "GET /static/media/static/photos/2.jpg HTTP/1.1" 200 116088
Not Found: /favicon.ico
[14/May/2017 14:06:45] "GET /favicon.ico HTTP/1.1" 404 2652
[14/May/2017 14:12:40] "GET /home/house_detail/9/ HTTP/1.1" 200 4868
[14/May/2017 14:12:49] "GET /home/house_detail/9/ HTTP/1.1" 200 4868
[14/May/2017 14:12:49] "GET /static/bootstrap-3.3.7-dist/css/bootstrap.min.css HTTP/1.1" 304 0
[14/May/2017 14:12:49] "GET /static/bootstrap-3.3.7-dist/css/mycss.css HTTP/1.1" 304 0
[14/May/2017 14:12:49] "GET /static/bootstrap-3.3.7-dist/js/jquery.min.js HTTP/1.1" 304 0
[14/May/2017 14:12:49] "GET /static/media/static/photos/2.jpg HTTP/1.1" 304 0
[14/May/2017 14:12:49] "GET /static/media/static/photos/6_zvpcze5.jpg HTTP/1.1" 304 0
[14/May/2017 14:12:49] "GET /static/bootstrap-3.3.7-dist/js/bootstrap.min.js HTTP/1.1" 304 0
[14/May/2017 14:12:59] "GET /home/house_detail/9/ HTTP/1.1" 200 4868
[14/May/2017 14:13:58] "GET /home/house_detail/9/ HTTP/1.1" 200 4839
[14/May/2017 14:15:40] "GET /home/house_detail/9/ HTTP/1.1" 200 4914
[14/May/2017 14:16:58] "GET /home/house_detail/9/ HTTP/1.1" 200 4918
[14/May/2017 14:17:00] "GET /home/house_detail/9/ HTTP/1.1" 200 4918
[14/May/2017 14:17:50] "GET /home/house_detail/9/ HTTP/1.1" 200 4973
[14/May/2017 14:17:52] "GET /home/house_detail/9/ HTTP/1.1" 200 4973
[14/May/2017 14:18:41] "GET /home/house_detail/9/ HTTP/1.1" 200 4973
[14/May/2017 14:19:37] "GET /home/house_detail/9/ HTTP/1.1" 200 4953
[14/May/2017 14:21:15] "GET /home/house_detail/9/ HTTP/1.1" 200 4953
[14/May/2017 14:21:55] "GET /home/house_detail/9/ HTTP/1.1" 200 4906
[14/May/2017 14:21:57] "GET /home/house_detail/9/ HTTP/1.1" 200 4906
[14/May/2017 14:21:59] "GET /home/house_detail/9/ HTTP/1.1" 200 4906
[14/May/2017 14:22:19] "GET /home/house_detail/9/ HTTP/1.1" 200 4906
[14/May/2017 14:23:13] "GET /home/house_detail/9/ HTTP/1.1" 200 4926
[14/May/2017 14:23:31] "GET / HTTP/1.1" 200 52546
[14/May/2017 14:23:33] "GET /static/media/static/photos/timg_AjLRtBi.jpg HTTP/1.1" 200 130650
[14/May/2017 14:23:33] "GET /home/house_detail/6/ HTTP/1.1" 200 7085
[14/May/2017 14:23:33] "GET /static/media/static/photos/%E6%9D%8E%E6%95%8F%E8%BE%89_MG3KXt9.jpg HTTP/1.1" 404 1760
[14/May/2017 14:23:33] "GET /static/media/static/photos/%E6%9D%8E%E6%95%8F%E8%BE%89_laxytS7.jpg HTTP/1.1" 404 1760
[14/May/2017 14:23:34] "GET /static/media/static/photos/6_iWf9RUM.jpg HTTP/1.1" 200 90112
[2017-05-14 14:23:34,022] - Broken pipe from ('58.251.229.170', 57572)

[14/May/2017 14:23:34] "GET /static/media/static/photos/4_35icZcm.jpg HTTP/1.1" 200 81920
[2017-05-14 14:23:34,048] - Broken pipe from ('58.251.229.170', 57574)

[14/May/2017 14:23:34] "GET /static/media/static/photos/7.jpg HTTP/1.1" 200 98304
[2017-05-14 14:23:34,137] - Broken pipe from ('58.251.229.170', 57576)

[14/May/2017 14:23:34] "GET /static/media/static/photos/%E6%9D%8E%E6%95%8F%E8%BE%89_UVKI4Mh.jpg HTTP/1.1" 200 71024
[14/May/2017 14:23:35] "GET /static/media/static/photos/%E6%9D%8E%E6%95%8F%E8%BE%89.jpg HTTP/1.1" 200 71024
[14/May/2017 14:23:36] "GET /static/media/static/photos/%E6%9D%8E%E6%95%8F%E8%BE%89_v56sasp.jpg HTTP/1.1" 200 71024
[14/May/2017 14:23:37] "GET /static/media/static/photos/5_LUqkm1m.jpg HTTP/1.1" 200 233523
[14/May/2017 14:23:38] "GET /static/media/static/photos/%E6%9D%8E%E6%95%8F%E8%BE%89_nLHyK9l.jpg HTTP/1.1" 200 49152
[2017-05-14 14:23:38,719] - Broken pipe from ('58.251.229.170', 57583)

[14/May/2017 14:23:39] "GET /static/media/static/photos/4_35icZcm.jpg HTTP/1.1" 200 134773
[14/May/2017 14:23:39] "GET /static/media/static/photos/7.jpg HTTP/1.1" 200 123966
[14/May/2017 14:23:40] "GET /static/media/static/photos/6_iWf9RUM.jpg HTTP/1.1" 200 166544
[14/May/2017 14:23:46] "GET /home/house_detail/9/ HTTP/1.1" 200 4926
[14/May/2017 14:23:46] "GET /static/media/static/photos/6_zvpcze5.jpg HTTP/1.1" 304 0
Not Found: /favicon.ico
[14/May/2017 14:23:47] "GET /favicon.ico HTTP/1.1" 404 2652
[14/May/2017 14:24:00] "GET /static/media/static/photos/5_LUqkm1m.jpg HTTP/1.1" 200 147456
[2017-05-14 14:24:00,212] - Broken pipe from ('58.251.229.170', 57573)

[14/May/2017 14:24:22] "GET /home/house_detail/9/ HTTP/1.1" 200 4926
[14/May/2017 14:24:31] "GET /home/house_detail/9/ HTTP/1.1" 200 4926
[14/May/2017 14:24:31] "GET /static/bootstrap-3.3.7-dist/css/bootstrap.min.css HTTP/1.1" 304 0
[14/May/2017 14:24:31] "GET /static/bootstrap-3.3.7-dist/css/mycss.css HTTP/1.1" 304 0
[14/May/2017 14:24:31] "GET /static/media/static/photos/6_zvpcze5.jpg HTTP/1.1" 304 0
[14/May/2017 14:24:31] "GET /static/bootstrap-3.3.7-dist/js/jquery.min.js HTTP/1.1" 304 0
[14/May/2017 14:24:31] "GET /static/bootstrap-3.3.7-dist/js/bootstrap.min.js HTTP/1.1" 304 0
[14/May/2017 14:24:31] "GET /static/media/static/photos/2.jpg HTTP/1.1" 304 0
[14/May/2017 14:24:59] "GET / HTTP/1.1" 200 52546
[14/May/2017 14:25:01] "GET /home/house_detail/2/ HTTP/1.1" 200 6161
[14/May/2017 14:25:01] "GET /static/media/static/photos/toutu.jpg HTTP/1.1" 404 1706
[14/May/2017 14:25:01] "GET /static/media/static/photos/eee.png HTTP/1.1" 404 1700
[14/May/2017 14:25:17] "GET /home/house_detail/2/ HTTP/1.1" 200 6161
[14/May/2017 14:25:40] "GET /static/media/static/photos/toutu.jpg HTTP/1.1" 404 1706
[14/May/2017 14:27:23] "GET /static/media/static/photos/toutu.jpg HTTP/1.1" 404 1706
[14/May/2017 14:27:28] "GET /home/house_detail/9/ HTTP/1.1" 200 4926
[14/May/2017 14:29:33] "GET / HTTP/1.1" 200 52546
[14/May/2017 14:29:36] "GET /home/house_detail/9/ HTTP/1.1" 200 4948
[14/May/2017 14:29:38] "GET /home/house_detail/9/ HTTP/1.1" 200 4948
[14/May/2017 14:29:53] "GET / HTTP/1.1" 200 52546
[14/May/2017 14:29:55] "GET /home/house_detail/2/ HTTP/1.1" 200 6183
[14/May/2017 14:29:55] "GET /static/media/static/photos/toutu.jpg HTTP/1.1" 404 1706
[14/May/2017 14:29:55] "GET /static/media/static/photos/eee.png HTTP/1.1" 404 1700
[14/May/2017 14:29:55] "GET /static/media/static/photos/6_Z9ESxsU.jpg HTTP/1.1" 200 166544
[14/May/2017 14:29:59] "GET / HTTP/1.1" 200 52546
[14/May/2017 14:30:01] "GET /home/house_detail/11/ HTTP/1.1" 200 4529
[14/May/2017 14:30:08] "GET /home/house_detail/12/ HTTP/1.1" 200 4549
[14/May/2017 14:30:11] "GET /home/house_detail/10/ HTTP/1.1" 200 4538
[14/May/2017 14:30:14] "GET /home/house_detail/9/ HTTP/1.1" 200 4948
[14/May/2017 14:30:21] "GET /home/house_detail/1/ HTTP/1.1" 200 4536
[14/May/2017 14:30:25] "GET /home/house_detail/2/ HTTP/1.1" 200 6183
[14/May/2017 14:30:25] "GET /static/media/static/photos/toutu.jpg HTTP/1.1" 404 1706
[14/May/2017 14:30:25] "GET /static/media/static/photos/eee.png HTTP/1.1" 404 1700
[14/May/2017 14:30:31] "GET /home/house_detail/3/ HTTP/1.1" 200 5808
[14/May/2017 14:30:31] "GET /static/media/static/photos/toutu_pLOa22S.jpg HTTP/1.1" 404 1730
[14/May/2017 14:30:31] "GET /static/media/static/photos/%E6%9D%8E%E6%95%8F%E8%BE%89_5IRPpml.jpg HTTP/1.1" 404 1760
[14/May/2017 14:30:31] "GET /static/media/static/photos/toutu_wFR8PzJ.jpg HTTP/1.1" 404 1730
[14/May/2017 14:30:34] "GET /home/house_detail/4/ HTTP/1.1" 200 5781
[14/May/2017 14:30:34] "GET /static/media/static/photos/1_gYIT664.gif HTTP/1.1" 404 1718
[14/May/2017 14:30:34] "GET /static/media/static/photos/toutu_ot1hm9o.jpg HTTP/1.1" 404 1730
[14/May/2017 14:30:34] "GET /static/media/static/photos/%E6%9D%8E%E6%95%8F%E8%BE%89_Br4le55.jpg HTTP/1.1" 404 1760
[14/May/2017 14:30:37] "GET /home/house_detail/5/ HTTP/1.1" 200 7046
[14/May/2017 14:30:37] "GET /static/media/static/photos/1_mwg8O9e.gif HTTP/1.1" 404 1718
[14/May/2017 14:30:37] "GET /static/media/static/photos/eee_TxFpTYz.png HTTP/1.1" 404 1724
[14/May/2017 14:30:37] "GET /static/media/static/photos/toutu.jpg HTTP/1.1" 404 1706
[14/May/2017 14:30:37] "GET /static/media/static/photos/%E6%9D%8E%E6%95%8F%E8%BE%89_r9uYVTA.jpg HTTP/1.1" 404 1760
[14/May/2017 14:30:37] "GET /static/media/static/photos/toutu_bg0VAwA.jpg HTTP/1.1" 404 1730
[14/May/2017 14:30:40] "GET /home/house_detail/6/ HTTP/1.1" 200 7107
[14/May/2017 14:30:40] "GET /static/media/static/photos/%E6%9D%8E%E6%95%8F%E8%BE%89_MG3KXt9.jpg HTTP/1.1" 404 1760
[14/May/2017 14:30:40] "GET /static/media/static/photos/%E6%9D%8E%E6%95%8F%E8%BE%89_laxytS7.jpg HTTP/1.1" 404 1760
[14/May/2017 14:30:40] "GET /static/media/static/photos/%E6%9D%8E%E6%95%8F%E8%BE%89_nLHyK9l.jpg HTTP/1.1" 200 71024
[14/May/2017 14:30:42] "GET /home/house_detail/7/ HTTP/1.1" 200 5801
[14/May/2017 14:30:47] "GET /static/media/static/photos/%E6%8D%95%E8%8E%B7.PNG HTTP/1.1" 200 419257
[14/May/2017 14:30:50] "GET /static/media/static/photos/%E6%8D%95%E8%8E%B7_RmEhOZC.PNG HTTP/1.1" 200 419257
[14/May/2017 14:30:51] "GET /static/media/static/photos/%E6%8D%95%E8%8E%B7_vccNCPK.PNG HTTP/1.1" 200 419257
[14/May/2017 14:30:54] "GET /home/house_detail/10/ HTTP/1.1" 200 4538
[14/May/2017 14:30:58] "GET /home/house_detail/12/ HTTP/1.1" 200 4549
[14/May/2017 14:31:23] "GET / HTTP/1.1" 200 52546
Not Found: /favicon.ico
[14/May/2017 14:32:42] "GET /favicon.ico HTTP/1.1" 404 2652
[14/May/2017 14:32:44] "GET /admin HTTP/1.1" 301 0
[14/May/2017 14:32:44] "GET /admin/ HTTP/1.1" 302 0
[14/May/2017 14:32:44] "GET /admin/login/?next=/admin/ HTTP/1.1" 200 1653
[14/May/2017 14:32:44] "GET /static/admin/css/login.css HTTP/1.1" 200 1203
[14/May/2017 14:32:44] "GET /static/admin/css/base.css HTTP/1.1" 200 15937
[14/May/2017 14:32:45] "GET /static/admin/css/fonts.css HTTP/1.1" 200 423
[14/May/2017 14:32:45] "GET /static/admin/fonts/Roboto-Bold-webfont.woff HTTP/1.1" 200 82564
[14/May/2017 14:32:45] "GET /static/admin/fonts/Roboto-Regular-webfont.woff HTTP/1.1" 200 80304
[14/May/2017 14:32:45] "GET /static/admin/fonts/Roboto-Light-webfont.woff HTTP/1.1" 200 81348
[14/May/2017 14:32:52] "POST /admin/login/?next=/admin/ HTTP/1.1" 200 1814
[14/May/2017 14:32:58] "POST /admin/login/?next=/admin/ HTTP/1.1" 302 0
[14/May/2017 14:32:58] "GET /admin/ HTTP/1.1" 200 6746
[14/May/2017 14:32:58] "GET /static/admin/css/dashboard.css HTTP/1.1" 200 434
[14/May/2017 14:32:58] "GET /static/admin/img/icon-addlink.svg HTTP/1.1" 200 331
[14/May/2017 14:32:58] "GET /static/admin/img/icon-changelink.svg HTTP/1.1" 200 380
[14/May/2017 14:33:02] "GET /admin/home/photo/ HTTP/1.1" 200 13021
[14/May/2017 14:33:02] "GET /admin/jsi18n/ HTTP/1.1" 200 3217
[14/May/2017 14:33:02] "GET /static/admin/js/core.js HTTP/1.1" 200 7976
[14/May/2017 14:33:02] "GET /static/admin/css/changelists.css HTTP/1.1" 200 6117
[14/May/2017 14:33:02] "GET /static/admin/js/jquery.init.js HTTP/1.1" 200 363
[14/May/2017 14:33:02] "GET /static/admin/js/admin/RelatedObjectLookups.js HTTP/1.1" 200 6577
[14/May/2017 14:33:02] "GET /static/admin/js/actions.js HTTP/1.1" 200 6501
[14/May/2017 14:33:02] "GET /static/admin/js/urlify.js HTTP/1.1" 200 8186
[14/May/2017 14:33:02] "GET /static/admin/js/prepopulate.js HTTP/1.1" 200 1538
[14/May/2017 14:33:04] "GET /static/admin/js/vendor/xregexp/xregexp.js HTTP/1.1" 200 128820
[14/May/2017 14:33:04] "GET /static/admin/js/vendor/jquery/jquery.js HTTP/1.1" 200 258648
[14/May/2017 14:33:05] "GET /static/admin/img/tooltag-add.svg HTTP/1.1" 200 331
[14/May/2017 14:33:07] "GET /admin/home/photo/add/ HTTP/1.1" 200 6966
[14/May/2017 14:33:07] "GET /admin/jsi18n/ HTTP/1.1" 200 3217
[14/May/2017 14:33:07] "GET /static/admin/css/forms.css HTTP/1.1" 200 7750
[14/May/2017 14:33:07] "GET /static/admin/js/change_form.js HTTP/1.1" 200 698
[14/May/2017 14:33:07] "GET /static/admin/js/prepopulate_init.js HTTP/1.1" 200 495
[14/May/2017 14:33:26] "GET /admin/home/photo/add/ HTTP/1.1" 200 6966
[14/May/2017 14:33:26] "GET /static/admin/css/forms.css HTTP/1.1" 200 7750
[14/May/2017 14:33:26] "GET /admin/jsi18n/ HTTP/1.1" 200 3217
[14/May/2017 14:33:26] "GET /static/admin/css/widgets.css HTTP/1.1" 200 10340
Performing system checks...

System check identified no issues (0 silenced).
May 14, 2017 - 12:17:04
Django version 1.10.7, using settings 'mysite.settings'
Starting development server at http://0.0.0.0:60000/
Quit the server with CONTROL-C.
[14/May/2017 14:38:18] "GET /admin/home/photo/add/ HTTP/1.1" 200 7418
[14/May/2017 14:38:18] "GET /admin/jsi18n/ HTTP/1.1" 200 3217
Forbidden (CSRF token missing or incorrect.): /admin/home/photo/add/
[14/May/2017 14:38:57] "POST /admin/home/photo/add/ HTTP/1.1" 403 2502
[2017-05-14 14:38:57,306] - Broken pipe from ('58.251.229.170', 57913)

Forbidden (CSRF token missing or incorrect.): /admin/home/photo/add/
[14/May/2017 14:39:00] "POST /admin/home/photo/add/ HTTP/1.1" 403 2502
[2017-05-14 14:39:00,870] - Broken pipe from ('58.251.229.170', 57919)

Forbidden (CSRF token missing or incorrect.): /admin/home/photo/add/
[14/May/2017 14:39:13] "POST /admin/home/photo/add/ HTTP/1.1" 403 2502
[2017-05-14 14:39:13,810] - Broken pipe from ('58.251.229.170', 57920)

[14/May/2017 14:39:27] "POST /admin/home/photo/add/ HTTP/1.1" 302 0
[14/May/2017 14:39:27] "GET /admin/home/photo/ HTTP/1.1" 200 13410
[14/May/2017 14:39:27] "GET /admin/jsi18n/ HTTP/1.1" 200 3217
[14/May/2017 14:39:27] "GET /static/admin/img/icon-yes.svg HTTP/1.1" 200 436
[14/May/2017 14:52:32] "GET /home/house_detail/9/ HTTP/1.1" 200 4948
[14/May/2017 14:52:34] "GET / HTTP/1.1" 200 53350
[14/May/2017 14:52:37] "GET /home/house_detail/1/ HTTP/1.1" 200 4941
[14/May/2017 14:52:41] "GET /static/media/static/photos/demo2.png HTTP/1.1" 200 690634
[14/May/2017 14:53:07] "GET /admin/home/ HTTP/1.1" 200 2570
[14/May/2017 14:53:08] "GET /admin/home/house/ HTTP/1.1" 200 6654
[14/May/2017 14:53:08] "GET /admin/jsi18n/ HTTP/1.1" 200 3217
[14/May/2017 14:53:14] "GET /admin/home/house/11/change/ HTTP/1.1" 200 18319
[14/May/2017 14:53:14] "GET /admin/jsi18n/ HTTP/1.1" 200 3217
[14/May/2017 14:53:14] "GET /static/ckeditor/ckeditor-init.js HTTP/1.1" 200 1501
[14/May/2017 14:53:14] "GET /static/admin/js/inlines.js HTTP/1.1" 200 13404
[14/May/2017 14:53:18] "GET /static/ckeditor/ckeditor/ckeditor.js HTTP/1.1" 200 591795
[14/May/2017 14:54:03] "POST /admin/home/house/11/change/ HTTP/1.1" 302 0
[14/May/2017 14:54:03] "GET /admin/home/house/ HTTP/1.1" 200 6831
[14/May/2017 14:54:03] "GET /admin/jsi18n/ HTTP/1.1" 200 3217
[14/May/2017 14:54:08] "GET / HTTP/1.1" 200 54204
[14/May/2017 14:54:09] "GET /static/media/static/photos/%E5%8A%9E%E5%85%AC%E6%A5%BC%E6%99%AF%E8%A7%82%E8%AE%BE%E8%AE%A1%E5%B9%B3%E9%9D%A2%E5%9B%BE.jpg HTTP/1.1" 200 203048
[14/May/2017 14:54:14] "GET /home/house_detail/12/ HTTP/1.1" 200 4549
[14/May/2017 14:54:20] "GET /home/house_detail/11/ HTTP/1.1" 200 5016
[14/May/2017 14:54:20] "GET /static/media/static/photos/%E5%88%AB%E5%A2%85%E7%BB%BF%E5%8C%96%E6%96%BD%E5%B7%A5%E5%9B%BE.jpg HTTP/1.1" 200 157738
[14/May/2017 14:54:55] "GET / HTTP/1.1" 200 54204
[14/May/2017 14:56:10] "GET / HTTP/1.1" 200 54204
[14/May/2017 14:56:11] "GET /static/media/static/photos/%E5%8A%9E%E5%85%AC%E6%A5%BC%E6%99%AF%E8%A7%82%E8%AE%BE%E8%AE%A1%E5%B9%B3%E9%9D%A2%E5%9B%BE.jpg HTTP/1.1" 200 203048
[14/May/2017 14:56:13] "GET /home/house_detail/12/ HTTP/1.1" 200 4529
[14/May/2017 14:56:16] "GET /home/house_detail/9/ HTTP/1.1" 200 4928
[14/May/2017 14:56:27] "GET /home/house_detail/11/ HTTP/1.1" 200 4996
[14/May/2017 14:56:27] "GET /static/media/static/photos/%E5%88%AB%E5%A2%85%E7%BB%BF%E5%8C%96%E6%96%BD%E5%B7%A5%E5%9B%BE.jpg HTTP/1.1" 200 157738
[14/May/2017 14:57:24] "GET /home/house_detail/11/ HTTP/1.1" 200 5010
[14/May/2017 14:57:24] "GET /static/media/static/photos/%E5%8A%9E%E5%85%AC%E6%A5%BC%E6%99%AF%E8%A7%82%E8%AE%BE%E8%AE%A1%E5%B9%B3%E9%9D%A2%E5%9B%BE.jpg HTTP/1.1" 304 0
[14/May/2017 14:57:24] "GET /static/media/static/photos/%E5%88%AB%E5%A2%85%E7%BB%BF%E5%8C%96%E6%96%BD%E5%B7%A5%E5%9B%BE.jpg HTTP/1.1" 304 0
[14/May/2017 14:57:45] "GET /home/house_detail/11/ HTTP/1.1" 200 5025
[14/May/2017 14:57:45] "GET /static/media/static/photos/%E5%8A%9E%E5%85%AC%E6%A5%BC%E6%99%AF%E8%A7%82%E8%AE%BE%E8%AE%A1%E5%B9%B3%E9%9D%A2%E5%9B%BE.jpg HTTP/1.1" 304 0
[14/May/2017 14:57:45] "GET /static/media/static/photos/%E5%88%AB%E5%A2%85%E7%BB%BF%E5%8C%96%E6%96%BD%E5%B7%A5%E5%9B%BE.jpg HTTP/1.1" 304 0
[14/May/2017 14:58:16] "GET /home/house_detail/11/ HTTP/1.1" 200 5024
[14/May/2017 14:58:16] "GET /static/media/static/photos/%E5%8A%9E%E5%85%AC%E6%A5%BC%E6%99%AF%E8%A7%82%E8%AE%BE%E8%AE%A1%E5%B9%B3%E9%9D%A2%E5%9B%BE.jpg HTTP/1.1" 304 0
[14/May/2017 14:58:16] "GET /static/media/static/photos/%E5%88%AB%E5%A2%85%E7%BB%BF%E5%8C%96%E6%96%BD%E5%B7%A5%E5%9B%BE.jpg HTTP/1.1" 304 0
[14/May/2017 14:58:22] "GET / HTTP/1.1" 200 54204
[14/May/2017 14:58:27] "GET /home/house_detail/11/ HTTP/1.1" 200 5024
[14/May/2017 14:58:34] "GET / HTTP/1.1" 200 54204
[14/May/2017 14:58:36] "GET /home/house_detail/9/ HTTP/1.1" 200 4956
[14/May/2017 14:59:08] "GET /home/house_detail/9/ HTTP/1.1" 200 4956
[14/May/2017 14:59:21] "GET /home/house_detail/9/ HTTP/1.1" 200 4956
[14/May/2017 14:59:48] "GET / HTTP/1.1" 200 54204
[14/May/2017 14:59:48] "GET /static/media/static/photos/%E5%8A%9E%E5%85%AC%E6%A5%BC%E6%99%AF%E8%A7%82%E8%AE%BE%E8%AE%A1%E5%B9%B3%E9%9D%A2%E5%9B%BE.jpg HTTP/1.1" 304 0
[14/May/2017 14:59:53] "GET /home/house_detail/11/ HTTP/1.1" 200 5024
[14/May/2017 14:59:53] "GET /static/media/static/photos/%E5%88%AB%E5%A2%85%E7%BB%BF%E5%8C%96%E6%96%BD%E5%B7%A5%E5%9B%BE.jpg HTTP/1.1" 304 0
[14/May/2017 15:00:58] "GET /home/house_detail/11/ HTTP/1.1" 200 5031
[14/May/2017 15:00:58] "GET /static/media/static/photos/%E5%8A%9E%E5%85%AC%E6%A5%BC%E6%99%AF%E8%A7%82%E8%AE%BE%E8%AE%A1%E5%B9%B3%E9%9D%A2%E5%9B%BE.jpg HTTP/1.1" 304 0
[14/May/2017 15:00:58] "GET /static/media/static/photos/%E5%88%AB%E5%A2%85%E7%BB%BF%E5%8C%96%E6%96%BD%E5%B7%A5%E5%9B%BE.jpg HTTP/1.1" 304 0
[14/May/2017 15:01:09] "GET /home/house_detail/11/ HTTP/1.1" 200 5017
[14/May/2017 15:01:46] "GET /home/house_detail/11/ HTTP/1.1" 200 5038
[14/May/2017 15:01:46] "GET /static/media/static/photos/%E5%8A%9E%E5%85%AC%E6%A5%BC%E6%99%AF%E8%A7%82%E8%AE%BE%E8%AE%A1%E5%B9%B3%E9%9D%A2%E5%9B%BE.jpg HTTP/1.1" 304 0
[14/May/2017 15:01:46] "GET /static/media/static/photos/%E5%88%AB%E5%A2%85%E7%BB%BF%E5%8C%96%E6%96%BD%E5%B7%A5%E5%9B%BE.jpg HTTP/1.1" 304 0
[14/May/2017 15:02:10] "GET /home/house_detail/11/ HTTP/1.1" 200 5038
[14/May/2017 15:02:16] "GET / HTTP/1.1" 200 54204
[14/May/2017 15:02:23] "GET /home/house_detail/9/ HTTP/1.1" 200 4970
[14/May/2017 15:03:13] "GET /home/house_detail/9/ HTTP/1.1" 200 4990
[14/May/2017 15:03:14] "GET /home/house_detail/9/ HTTP/1.1" 200 4990
[14/May/2017 15:04:19] "GET /home/house_detail/9/ HTTP/1.1" 200 5020
[14/May/2017 15:04:23] "GET / HTTP/1.1" 200 54204
[14/May/2017 15:04:23] "GET /static/media/static/photos/%E5%8A%9E%E5%85%AC%E6%A5%BC%E6%99%AF%E8%A7%82%E8%AE%BE%E8%AE%A1%E5%B9%B3%E9%9D%A2%E5%9B%BE.jpg HTTP/1.1" 304 0
[14/May/2017 15:04:25] "GET /home/house_detail/9/ HTTP/1.1" 200 5020
[14/May/2017 15:04:28] "GET /home/house_detail/9/ HTTP/1.1" 200 5020
[14/May/2017 15:05:10] "GET / HTTP/1.1" 200 54204
[14/May/2017 15:05:12] "GET /home/house_detail/11/ HTTP/1.1" 200 5088
[14/May/2017 15:05:12] "GET /static/media/static/photos/%E5%88%AB%E5%A2%85%E7%BB%BF%E5%8C%96%E6%96%BD%E5%B7%A5%E5%9B%BE.jpg HTTP/1.1" 304 0
[14/May/2017 15:06:14] "GET /home/house_detail/11/ HTTP/1.1" 200 5085
[14/May/2017 15:06:14] "GET /static/media/static/photos/%E5%8A%9E%E5%85%AC%E6%A5%BC%E6%99%AF%E8%A7%82%E8%AE%BE%E8%AE%A1%E5%B9%B3%E9%9D%A2%E5%9B%BE.jpg HTTP/1.1" 304 0
[14/May/2017 15:06:17] "GET /home/house_detail/11/ HTTP/1.1" 200 5085
[14/May/2017 15:07:27] "GET / HTTP/1.1" 200 54204
[14/May/2017 15:07:31] "GET /home/house_detail/9/ HTTP/1.1" 200 5017
[14/May/2017 15:09:27] "GET / HTTP/1.1" 200 54204
[14/May/2017 15:09:27] "GET /static/media/static/photos/%E5%8A%9E%E5%85%AC%E6%A5%BC%E6%99%AF%E8%A7%82%E8%AE%BE%E8%AE%A1%E5%B9%B3%E9%9D%A2%E5%9B%BE.jpg HTTP/1.1" 304 0
[14/May/2017 15:09:32] "GET /home/house_detail/9/ HTTP/1.1" 200 5017
[14/May/2017 15:11:12] "GET /home/house_detail/9/ HTTP/1.1" 200 5017
[14/May/2017 15:12:00] "GET /home/house_detail/9/ HTTP/1.1" 200 4969
[14/May/2017 15:13:12] "GET /home/house_detail/9/ HTTP/1.1" 200 4968
[14/May/2017 15:14:10] "GET /home/house_detail/9/ HTTP/1.1" 200 4967
[14/May/2017 15:15:12] "GET /home/house_detail/9/ HTTP/1.1" 200 4987
[14/May/2017 15:15:22] "GET /home/house_detail/9/ HTTP/1.1" 200 4987
[14/May/2017 15:15:22] "GET /static/bootstrap-3.3.7-dist/css/bootstrap.min.css HTTP/1.1" 304 0
[14/May/2017 15:15:22] "GET /static/bootstrap-3.3.7-dist/js/jquery.min.js HTTP/1.1" 304 0
[14/May/2017 15:15:22] "GET /static/bootstrap-3.3.7-dist/css/mycss.css HTTP/1.1" 304 0
[14/May/2017 15:15:22] "GET /static/media/static/photos/6_zvpcze5.jpg HTTP/1.1" 304 0
[14/May/2017 15:15:22] "GET /static/bootstrap-3.3.7-dist/js/bootstrap.min.js HTTP/1.1" 304 0
[14/May/2017 15:15:22] "GET /static/media/static/photos/2.jpg HTTP/1.1" 304 0
[14/May/2017 15:15:51] "GET /home/house_detail/9/ HTTP/1.1" 200 4987
[14/May/2017 15:16:26] "GET /home/house_detail/9/ HTTP/1.1" 200 4988
[14/May/2017 15:16:28] "GET /home/house_detail/9/ HTTP/1.1" 200 4988
[14/May/2017 15:16:34] "GET /home/house_detail/9/ HTTP/1.1" 200 4988
[14/May/2017 15:16:39] "GET /home/house_detail/9/ HTTP/1.1" 200 4988
[14/May/2017 15:17:34] "GET /home/house_detail/9/ HTTP/1.1" 200 5012
[14/May/2017 15:17:36] "GET /home/house_detail/9/ HTTP/1.1" 200 5012
[14/May/2017 15:17:41] "GET /home/house_detail/9/ HTTP/1.1" 200 5012
[14/May/2017 15:18:22] "GET /home/house_detail/9/ HTTP/1.1" 200 5012
[14/May/2017 15:18:26] "GET / HTTP/1.1" 200 54204
[14/May/2017 15:18:26] "GET /static/media/static/photos/%E5%8A%9E%E5%85%AC%E6%A5%BC%E6%99%AF%E8%A7%82%E8%AE%BE%E8%AE%A1%E5%B9%B3%E9%9D%A2%E5%9B%BE.jpg HTTP/1.1" 304 0
[14/May/2017 15:18:28] "GET /home/house_detail/2/ HTTP/1.1" 200 6247
[14/May/2017 15:18:28] "GET /static/media/static/photos/toutu.jpg HTTP/1.1" 404 1706
[14/May/2017 15:18:28] "GET /static/media/static/photos/eee.png HTTP/1.1" 404 1700
[14/May/2017 15:18:31] "GET / HTTP/1.1" 200 54204
[14/May/2017 15:18:35] "GET /home/house_detail/4/ HTTP/1.1" 200 5845
[14/May/2017 15:18:35] "GET /static/media/static/photos/1_gYIT664.gif HTTP/1.1" 404 1718
[14/May/2017 15:18:35] "GET /static/media/static/photos/toutu_ot1hm9o.jpg HTTP/1.1" 404 1730
[14/May/2017 15:18:35] "GET /static/media/static/photos/%E6%9D%8E%E6%95%8F%E8%BE%89_Br4le55.jpg HTTP/1.1" 404 1760
[14/May/2017 15:18:39] "GET /home/house_detail/11/ HTTP/1.1" 200 5080
[14/May/2017 15:18:40] "GET /static/media/static/photos/%E5%88%AB%E5%A2%85%E7%BB%BF%E5%8C%96%E6%96%BD%E5%B7%A5%E5%9B%BE.jpg HTTP/1.1" 304 0
[14/May/2017 15:20:18] "GET / HTTP/1.1" 200 54204
[14/May/2017 15:20:20] "GET /home/house_detail/9/ HTTP/1.1" 200 5012
[14/May/2017 15:21:08] "GET /home/house_detail/9/ HTTP/1.1" 200 5013
[14/May/2017 15:22:00] "GET /home/house_detail/9/ HTTP/1.1" 200 5012
[14/May/2017 15:22:24] "GET /home/house_detail/9/ HTTP/1.1" 200 5012
[14/May/2017 15:22:34] "GET /home/house_detail/9/ HTTP/1.1" 200 5012
[14/May/2017 15:22:34] "GET /static/bootstrap-3.3.7-dist/css/bootstrap.min.css HTTP/1.1" 304 0
[14/May/2017 15:22:34] "GET /static/bootstrap-3.3.7-dist/css/mycss.css HTTP/1.1" 304 0
[14/May/2017 15:22:34] "GET /static/media/static/photos/6_zvpcze5.jpg HTTP/1.1" 304 0
[14/May/2017 15:22:34] "GET /static/bootstrap-3.3.7-dist/js/jquery.min.js HTTP/1.1" 304 0
[14/May/2017 15:22:34] "GET /static/bootstrap-3.3.7-dist/js/bootstrap.min.js HTTP/1.1" 304 0
[14/May/2017 15:22:34] "GET /static/media/static/photos/2.jpg HTTP/1.1" 304 0
[14/May/2017 15:23:11] "GET /home/house_detail/9/ HTTP/1.1" 200 5013
[14/May/2017 15:23:28] "GET /home/house_detail/9/ HTTP/1.1" 200 5013
[14/May/2017 15:23:39] "GET /home/house_detail/1 HTTP/1.1" 301 0
[14/May/2017 15:23:39] "GET /home/house_detail/1/ HTTP/1.0" 200 5006
[14/May/2017 15:23:51] "GET /home/house_detail/9/ HTTP/1.1" 200 5013
[14/May/2017 15:23:51] "GET /static/bootstrap-3.3.7-dist/css/bootstrap.min.css HTTP/1.1" 304 0
[14/May/2017 15:23:51] "GET /static/bootstrap-3.3.7-dist/js/jquery.min.js HTTP/1.1" 304 0
[14/May/2017 15:23:51] "GET /static/bootstrap-3.3.7-dist/css/mycss.css HTTP/1.1" 304 0
[14/May/2017 15:23:51] "GET /static/bootstrap-3.3.7-dist/js/bootstrap.min.js HTTP/1.1" 304 0
[14/May/2017 15:23:51] "GET /static/media/static/photos/6_zvpcze5.jpg HTTP/1.1" 304 0
[14/May/2017 15:23:51] "GET /static/media/static/photos/2.jpg HTTP/1.1" 304 0
[14/May/2017 15:24:13] "GET /home/house_detail/9/ HTTP/1.1" 200 5012
[14/May/2017 15:24:13] "GET /static/bootstrap-3.3.7-dist/css/bootstrap.min.css HTTP/1.1" 304 0
[14/May/2017 15:24:13] "GET /static/bootstrap-3.3.7-dist/css/mycss.css HTTP/1.1" 304 0
[14/May/2017 15:24:13] "GET /static/bootstrap-3.3.7-dist/js/jquery.min.js HTTP/1.1" 304 0
[14/May/2017 15:24:13] "GET /static/media/static/photos/6_zvpcze5.jpg HTTP/1.1" 304 0
[14/May/2017 15:24:13] "GET /static/media/static/photos/2.jpg HTTP/1.1" 304 0
[14/May/2017 15:24:13] "GET /static/bootstrap-3.3.7-dist/js/bootstrap.min.js HTTP/1.1" 304 0
[14/May/2017 15:24:20] "GET /home/house_detail/9/ HTTP/1.1" 200 5012
[14/May/2017 15:24:20] "GET /static/bootstrap-3.3.7-dist/css/bootstrap.min.css HTTP/1.1" 304 0
[14/May/2017 15:24:20] "GET /static/bootstrap-3.3.7-dist/css/mycss.css HTTP/1.1" 304 0
[14/May/2017 15:24:20] "GET /static/bootstrap-3.3.7-dist/js/jquery.min.js HTTP/1.1" 304 0
[14/May/2017 15:24:20] "GET /static/bootstrap-3.3.7-dist/js/bootstrap.min.js HTTP/1.1" 304 0
[14/May/2017 15:24:20] "GET /static/media/static/photos/2.jpg HTTP/1.1" 304 0
[14/May/2017 15:24:20] "GET /static/media/static/photos/6_zvpcze5.jpg HTTP/1.1" 304 0
[14/May/2017 15:24:43] "GET /home/house_detail/9/ HTTP/1.1" 200 5012
[14/May/2017 15:24:43] "GET /static/bootstrap-3.3.7-dist/css/bootstrap.min.css HTTP/1.1" 304 0
[14/May/2017 15:24:43] "GET /static/bootstrap-3.3.7-dist/css/mycss.css HTTP/1.1" 304 0
[14/May/2017 15:24:43] "GET /static/bootstrap-3.3.7-dist/js/jquery.min.js HTTP/1.1" 304 0
[14/May/2017 15:24:43] "GET /static/media/static/photos/6_zvpcze5.jpg HTTP/1.1" 304 0
[14/May/2017 15:24:43] "GET /static/bootstrap-3.3.7-dist/js/bootstrap.min.js HTTP/1.1" 304 0
[14/May/2017 15:24:43] "GET /static/media/static/photos/2.jpg HTTP/1.1" 304 0
[14/May/2017 15:24:50] "GET /home/house_detail/9/ HTTP/1.1" 200 5012
[14/May/2017 15:24:50] "GET /static/bootstrap-3.3.7-dist/css/bootstrap.min.css HTTP/1.1" 304 0
[14/May/2017 15:24:50] "GET /static/bootstrap-3.3.7-dist/css/mycss.css HTTP/1.1" 304 0
[14/May/2017 15:24:50] "GET /static/bootstrap-3.3.7-dist/js/bootstrap.min.js HTTP/1.1" 304 0
[14/May/2017 15:24:50] "GET /static/media/static/photos/2.jpg HTTP/1.1" 304 0
[14/May/2017 15:24:50] "GET /static/media/static/photos/6_zvpcze5.jpg HTTP/1.1" 304 0
[14/May/2017 15:24:50] "GET /static/bootstrap-3.3.7-dist/js/jquery.min.js HTTP/1.1" 304 0
[14/May/2017 15:25:18] "GET /home/house_detail/9/ HTTP/1.1" 200 5012
[14/May/2017 15:25:18] "GET /static/bootstrap-3.3.7-dist/css/bootstrap.min.css HTTP/1.1" 304 0
[14/May/2017 15:25:18] "GET /static/bootstrap-3.3.7-dist/css/mycss.css HTTP/1.1" 304 0
[14/May/2017 15:25:18] "GET /static/bootstrap-3.3.7-dist/js/jquery.min.js HTTP/1.1" 304 0
[14/May/2017 15:25:18] "GET /static/bootstrap-3.3.7-dist/js/bootstrap.min.js HTTP/1.1" 304 0
[14/May/2017 15:25:18] "GET /static/media/static/photos/6_zvpcze5.jpg HTTP/1.1" 304 0
[14/May/2017 15:25:18] "GET /static/media/static/photos/2.jpg HTTP/1.1" 304 0
[14/May/2017 15:25:27] "GET /home/house_detail/9/ HTTP/1.1" 200 5012
[14/May/2017 15:25:27] "GET /static/bootstrap-3.3.7-dist/css/bootstrap.min.css HTTP/1.1" 304 0
[14/May/2017 15:25:27] "GET /static/bootstrap-3.3.7-dist/css/mycss.css HTTP/1.1" 304 0
[14/May/2017 15:25:27] "GET /static/bootstrap-3.3.7-dist/js/jquery.min.js HTTP/1.1" 304 0
[14/May/2017 15:25:27] "GET /static/bootstrap-3.3.7-dist/js/bootstrap.min.js HTTP/1.1" 304 0
[14/May/2017 15:25:27] "GET /static/media/static/photos/6_zvpcze5.jpg HTTP/1.1" 304 0
[14/May/2017 15:25:27] "GET /static/media/static/photos/2.jpg HTTP/1.1" 304 0
[14/May/2017 15:25:52] "GET /home/house_detail/9/ HTTP/1.1" 200 4987
[14/May/2017 15:26:03] "GET /home/house_detail/9/ HTTP/1.1" 200 4987
[14/May/2017 15:26:03] "GET /static/bootstrap-3.3.7-dist/css/bootstrap.min.css HTTP/1.1" 304 0
[14/May/2017 15:26:03] "GET /static/bootstrap-3.3.7-dist/css/mycss.css HTTP/1.1" 304 0
[14/May/2017 15:26:03] "GET /static/bootstrap-3.3.7-dist/js/jquery.min.js HTTP/1.1" 304 0
[14/May/2017 15:26:03] "GET /static/bootstrap-3.3.7-dist/js/bootstrap.min.js HTTP/1.1" 304 0
[14/May/2017 15:26:03] "GET /static/media/static/photos/6_zvpcze5.jpg HTTP/1.1" 304 0
[14/May/2017 15:26:03] "GET /static/media/static/photos/2.jpg HTTP/1.1" 304 0
[14/May/2017 15:26:22] "GET / HTTP/1.1" 200 54204
[14/May/2017 15:26:25] "GET /home/house_detail/2/ HTTP/1.1" 200 6222
[14/May/2017 15:26:25] "GET /static/media/static/photos/toutu.jpg HTTP/1.1" 404 1706
[14/May/2017 15:26:25] "GET /static/media/static/photos/eee.png HTTP/1.1" 404 1700
[14/May/2017 15:26:28] "GET /home/house_detail/4/ HTTP/1.1" 200 5820
[14/May/2017 15:26:28] "GET /static/media/static/photos/1_gYIT664.gif HTTP/1.1" 404 1718
[14/May/2017 15:26:28] "GET /static/media/static/photos/toutu_ot1hm9o.jpg HTTP/1.1" 404 1730
[14/May/2017 15:26:28] "GET /static/media/static/photos/%E6%9D%8E%E6%95%8F%E8%BE%89_Br4le55.jpg HTTP/1.1" 404 1760
[14/May/2017 15:26:33] "GET /home/house_detail/11/ HTTP/1.1" 200 5055
[14/May/2017 15:27:08] "GET /home/house_detail/11/ HTTP/1.1" 200 5056
[14/May/2017 15:27:16] "GET /home/house_detail/11/ HTTP/1.1" 200 5056
[14/May/2017 15:27:16] "GET /static/bootstrap-3.3.7-dist/css/bootstrap.min.css HTTP/1.1" 304 0
[14/May/2017 15:27:16] "GET /static/bootstrap-3.3.7-dist/js/jquery.min.js HTTP/1.1" 304 0
[14/May/2017 15:27:16] "GET /static/bootstrap-3.3.7-dist/css/mycss.css HTTP/1.1" 304 0
[14/May/2017 15:27:16] "GET /static/bootstrap-3.3.7-dist/js/bootstrap.min.js HTTP/1.1" 304 0
[14/May/2017 15:27:16] "GET /static/media/static/photos/%E5%88%AB%E5%A2%85%E7%BB%BF%E5%8C%96%E6%96%BD%E5%B7%A5%E5%9B%BE.jpg HTTP/1.1" 304 0
[14/May/2017 15:27:16] "GET /static/media/static/photos/%E5%8A%9E%E5%85%AC%E6%A5%BC%E6%99%AF%E8%A7%82%E8%AE%BE%E8%AE%A1%E5%B9%B3%E9%9D%A2%E5%9B%BE.jpg HTTP/1.1" 304 0
[14/May/2017 15:27:40] "GET /home/house_detail/11/ HTTP/1.1" 200 5056
[14/May/2017 15:27:40] "GET /static/bootstrap-3.3.7-dist/css/bootstrap.min.css HTTP/1.1" 304 0
[14/May/2017 15:27:40] "GET /static/bootstrap-3.3.7-dist/css/mycss.css HTTP/1.1" 304 0
[14/May/2017 15:27:40] "GET /static/bootstrap-3.3.7-dist/js/jquery.min.js HTTP/1.1" 304 0
[14/May/2017 15:27:40] "GET /static/bootstrap-3.3.7-dist/js/bootstrap.min.js HTTP/1.1" 304 0
[14/May/2017 15:27:40] "GET /static/media/static/photos/%E5%8A%9E%E5%85%AC%E6%A5%BC%E6%99%AF%E8%A7%82%E8%AE%BE%E8%AE%A1%E5%B9%B3%E9%9D%A2%E5%9B%BE.jpg HTTP/1.1" 304 0
[14/May/2017 15:27:40] "GET /static/media/static/photos/%E5%88%AB%E5%A2%85%E7%BB%BF%E5%8C%96%E6%96%BD%E5%B7%A5%E5%9B%BE.jpg HTTP/1.1" 304 0
[14/May/2017 15:27:44] "GET / HTTP/1.1" 200 54204
[14/May/2017 15:27:46] "GET /home/house_detail/9/ HTTP/1.1" 200 4988
[14/May/2017 15:29:28] "GET /home/house_detail/9/ HTTP/1.1" 200 4948
[14/May/2017 15:30:59] "GET /home/house_detail/9/ HTTP/1.1" 200 4906
[14/May/2017 15:31:05] "GET /home/house_detail/9/ HTTP/1.1" 200 4906
[14/May/2017 15:31:05] "GET /static/bootstrap-3.3.7-dist/css/bootstrap.min.css HTTP/1.1" 304 0
[14/May/2017 15:31:05] "GET /static/bootstrap-3.3.7-dist/css/mycss.css HTTP/1.1" 304 0
[14/May/2017 15:31:05] "GET /static/bootstrap-3.3.7-dist/js/jquery.min.js HTTP/1.1" 304 0
[14/May/2017 15:31:05] "GET /static/bootstrap-3.3.7-dist/js/bootstrap.min.js HTTP/1.1" 304 0
[14/May/2017 15:31:05] "GET /static/media/static/photos/2.jpg HTTP/1.1" 304 0
[14/May/2017 15:31:05] "GET /static/media/static/photos/6_zvpcze5.jpg HTTP/1.1" 304 0
[14/May/2017 15:32:08] "GET /home/house_detail/9/ HTTP/1.1" 200 4924
[14/May/2017 15:32:14] "GET / HTTP/1.1" 200 54204
[14/May/2017 15:32:16] "GET /home/house_detail/11/ HTTP/1.1" 200 4992
[14/May/2017 15:32:54] "GET /home/house_detail/11/ HTTP/1.1" 200 4992
[14/May/2017 15:32:54] "GET /static/bootstrap-3.3.7-dist/css/bootstrap.min.css HTTP/1.1" 304 0
[14/May/2017 15:32:54] "GET /static/bootstrap-3.3.7-dist/css/mycss.css HTTP/1.1" 304 0
[14/May/2017 15:32:54] "GET /static/bootstrap-3.3.7-dist/js/jquery.min.js HTTP/1.1" 304 0
[14/May/2017 15:32:54] "GET /static/bootstrap-3.3.7-dist/js/bootstrap.min.js HTTP/1.1" 304 0
[14/May/2017 15:32:54] "GET /static/media/static/photos/%E5%8A%9E%E5%85%AC%E6%A5%BC%E6%99%AF%E8%A7%82%E8%AE%BE%E8%AE%A1%E5%B9%B3%E9%9D%A2%E5%9B%BE.jpg HTTP/1.1" 304 0
[14/May/2017 15:32:54] "GET /static/media/static/photos/%E5%88%AB%E5%A2%85%E7%BB%BF%E5%8C%96%E6%96%BD%E5%B7%A5%E5%9B%BE.jpg HTTP/1.1" 304 0
[14/May/2017 15:33:31] "GET /home/house_detail/11/ HTTP/1.1" 200 4992
[14/May/2017 15:33:31] "GET /static/bootstrap-3.3.7-dist/css/bootstrap.min.css HTTP/1.1" 304 0
[14/May/2017 15:33:31] "GET /static/bootstrap-3.3.7-dist/css/mycss.css HTTP/1.1" 304 0
[14/May/2017 15:33:31] "GET /static/media/static/photos/%E5%88%AB%E5%A2%85%E7%BB%BF%E5%8C%96%E6%96%BD%E5%B7%A5%E5%9B%BE.jpg HTTP/1.1" 304 0
[14/May/2017 15:33:31] "GET /static/bootstrap-3.3.7-dist/js/jquery.min.js HTTP/1.1" 304 0
[14/May/2017 15:33:31] "GET /static/bootstrap-3.3.7-dist/js/bootstrap.min.js HTTP/1.1" 304 0
[14/May/2017 15:33:31] "GET /static/media/static/photos/%E5%8A%9E%E5%85%AC%E6%A5%BC%E6%99%AF%E8%A7%82%E8%AE%BE%E8%AE%A1%E5%B9%B3%E9%9D%A2%E5%9B%BE.jpg HTTP/1.1" 304 0
[14/May/2017 15:37:04] "GET /home/house_detail/11/ HTTP/1.1" 200 4959
[14/May/2017 15:37:12] "GET / HTTP/1.1" 200 54204
[14/May/2017 15:37:14] "GET /home/house_detail/1/ HTTP/1.1" 200 4882
[14/May/2017 15:38:38] "GET / HTTP/1.1" 200 54204
[14/May/2017 15:38:41] "GET /home/house_detail/1/ HTTP/1.1" 200 4882
[14/May/2017 15:38:43] "GET / HTTP/1.1" 200 54204
[14/May/2017 15:38:46] "GET /home/house_detail/12/ HTTP/1.1" 200 4509
[14/May/2017 15:39:44] "GET /home/house_detail/12/ HTTP/1.1" 200 4530
[14/May/2017 15:39:44] "GET /static/bootstrap-3.3.7-dist/css/bootstrap.min.css HTTP/1.1" 304 0
[14/May/2017 15:39:44] "GET /static/bootstrap-3.3.7-dist/js/bootstrap.min.js HTTP/1.1" 304 0
[14/May/2017 15:39:44] "GET /static/bootstrap-3.3.7-dist/js/jquery.min.js HTTP/1.1" 304 0
[14/May/2017 15:39:44] "GET /static/bootstrap-3.3.7-dist/css/mycss.css HTTP/1.1" 304 0
[14/May/2017 15:39:44] "GET /static/media/static/photos/timg2_AC8nrBv.jpg HTTP/1.1" 304 0
[14/May/2017 15:39:51] "GET / HTTP/1.1" 200 54204
[14/May/2017 15:39:53] "GET /home/house_detail/11/ HTTP/1.1" 200 4980
[14/May/2017 15:40:12] "GET / HTTP/1.1" 200 54204
[14/May/2017 15:40:15] "GET /home/house_detail/9/ HTTP/1.1" 200 4922
